Using pre-set license
Built from '2020.3/release' branch; Version is '2020.3.1f1 (77a89f25062f) revision 7841951'; Using compiler version '192528614'; Build Type 'Release'
OS: 'Windows 10 Home Single Language; OS build 19043.2130; Version 2009; 64bit' Language: 'es' Physical Memory: 16191 MB
BatchMode: 1, IsHumanControllingUs: 0, StartBugReporterOnCrash: 0, Is64bit: 1, IsPro: 0

 COMMAND LINE ARGUMENTS:
D:\2020.3.1f1\Editor\Unity.exe
-adb2
-batchMode
-noUpm
-name
AssetImportWorker1
-projectPath
D:/juegoss/Diseno-de-juegos-IIi
-logFile
Logs/AssetImportWorker1.log
-srvPort
51247
Successfully changed project path to: D:/juegoss/Diseno-de-juegos-IIi
D:/juegoss/Diseno-de-juegos-IIi
Using Asset Import Pipeline V2.
Refreshing native plugins compatible for Editor in 74.11 ms, found 0 plugins.
Preloading 0 native plugins for Editor in 0.00 ms.
Initialize engine version: 2020.3.1f1 (77a89f25062f)
[Subsystems] Discovering subsystems at path D:/2020.3.1f1/Editor/Data/Resources/UnitySubsystems
[Subsystems] Discovering subsystems at path D:/juegoss/Diseno-de-juegos-IIi/Assets
GfxDevice: creating device client; threaded=0
Direct3D:
    Version:  Direct3D 11.0 [level 11.1]
    Renderer: NVIDIA GeForce RTX 2060 (ID=0x1f11)
    Vendor:   
    VRAM:     5980 MB
    Driver:   30.0.15.1278
Initialize mono
Mono path[0] = 'D:/2020.3.1f1/Editor/Data/Managed'
Mono path[1] = 'D:/2020.3.1f1/Editor/Data/MonoBleedingEdge/lib/mono/unityjit'
Mono config path = 'D:/2020.3.1f1/Editor/Data/MonoBleedingEdge/etc'
Using monoOptions --debugger-agent=transport=dt_socket,embedding=1,server=y,suspend=n,address=127.0.0.1:56596
Begin MonoManager ReloadAssembly
Registering precompiled unity dll's ...
Register platform support module: D:/2020.3.1f1/Editor/Data/PlaybackEngines/WebGLSupport/UnityEditor.WebGL.Extensions.dll
Register platform support module: D:/2020.3.1f1/Editor/Data/PlaybackEngines/MacStandaloneSupport/UnityEditor.OSXStandalone.Extensions.dll
Register platform support module: D:/2020.3.1f1/Editor/Data/PlaybackEngines/WindowsStandaloneSupport/UnityEditor.WindowsStandalone.Extensions.dll
Register platform support module: D:/2020.3.1f1/Editor/Data/PlaybackEngines/LinuxStandaloneSupport/UnityEditor.LinuxStandalone.Extensions.dll
Register platform support module: D:/2020.3.1f1/Editor/Data/PlaybackEngines/LuminSupport/UnityEditor.Lumin.Extensions.dll
Registered in 0.094523 seconds.
Native extension for Lumin target not found
Native extension for LinuxStandalone target not found
Native extension for WindowsStandalone target not found
Native extension for OSXStandalone target not found
Native extension for WebGL target not found
Refreshing native plugins compatible for Editor in 76.23 ms, found 0 plugins.
Preloading 0 native plugins for Editor in 0.00 ms.
Invoked RoslynAnalysisRunner static constructor.
RoslynAnalysisRunner will not be running.
RoslynAnalysisRunner has terminated.
Mono: successfully reloaded assembly
- Completed reload, in 20.833 seconds
Platform modules already initialized, skipping
Registering precompiled user dll's ...
Registered in 0.001804 seconds.
Begin MonoManager ReloadAssembly
Native extension for Lumin target not found
Native extension for LinuxStandalone target not found
Native extension for WindowsStandalone target not found
Native extension for OSXStandalone target not found
Native extension for WebGL target not found
Refreshing native plugins compatible for Editor in 0.45 ms, found 0 plugins.
Preloading 0 native plugins for Editor in 0.00 ms.
Invoked RoslynAnalysisRunner static constructor.
RoslynAnalysisRunner will not be running.
RoslynAnalysisRunner has terminated.
Mono: successfully reloaded assembly
- Completed reload, in  2.563 seconds
Platform modules already initialized, skipping
========================================================================
Worker process is ready to serve import requests
Launched and connected shader compiler UnityShaderCompiler.exe after 0.25 seconds
Refreshing native plugins compatible for Editor in 0.46 ms, found 0 plugins.
Preloading 0 native plugins for Editor in 0.00 ms.
Unloading 1114 Unused Serialized files (Serialized files now loaded: 0)
System memory in use before: 56.9 MB.
System memory in use after: 57.0 MB.

Unloading 10 unused Assets to reduce memory usage. Loaded Objects now: 1555.
Total: 4.426500 ms (FindLiveObjects: 0.288800 ms CreateObjectMapping: 0.068100 ms MarkObjects: 3.830200 ms  DeleteObjects: 0.235900 ms)

========================================================================
Received Import Request.
  path: Assets/Scenes
  artifactKey: Guid(c8647e2b00ff5eb4fbeb05cae3e1adde) Importer(815301076,1909f56bfc062723c751e8b465ee728b)
Start importing Assets/Scenes using Guid(c8647e2b00ff5eb4fbeb05cae3e1adde) Importer(815301076,1909f56bfc062723c751e8b465ee728b)  -> (artifact id: 'e06e80bf6c2e713e52fb5d59f5f5686c') in 0.108668 seconds
  Import took 0.113473 seconds .

========================================================================
Received Prepare
Registering precompiled user dll's ...
Registered in 0.021027 seconds.
Begin MonoManager ReloadAssembly
Native extension for Lumin target not found
Native extension for LinuxStandalone target not found
Native extension for WindowsStandalone target not found
Native extension for OSXStandalone target not found
Native extension for WebGL target not found
Refreshing native plugins compatible for Editor in 0.46 ms, found 0 plugins.
Preloading 0 native plugins for Editor in 0.00 ms.
Invoked RoslynAnalysisRunner static constructor.
RoslynAnalysisRunner will not be running.
RoslynAnalysisRunner has terminated.
Mono: successfully reloaded assembly
- Completed reload, in  8.104 seconds
Platform modules already initialized, skipping
Switching build target platform(5) subTarget(0) extendedPlatform(0) -> platform(13) subTarget(537395200) extendedPlatform(0)
Refreshing native plugins compatible for Editor in 0.44 ms, found 0 plugins.
Preloading 0 native plugins for Editor in 0.00 ms.
Unloading 1114 Unused Serialized files (Serialized files now loaded: 0)
System memory in use before: 56.9 MB.
System memory in use after: 57.0 MB.

Unloading 5 unused Assets to reduce memory usage. Loaded Objects now: 1560.
Total: 791.851300 ms (FindLiveObjects: 12.962200 ms CreateObjectMapping: 0.148800 ms MarkObjects: 740.531500 ms  DeleteObjects: 38.203600 ms)

AssetImportParameters requested are different than current active one (requested -> active):
  custom:graphics/normal-map-encoding: 01000000000000000000000000000000 -> 02000000000000000000000000000000
========================================================================
Received Import Request.
  Time since last request: 75214.352009 seconds.
  path: Assets/img/boton.png
  artifactKey: Guid(dfb204eef77432c40999d428c763fe24) Importer(815301076,1909f56bfc062723c751e8b465ee728b)
Start importing Assets/img/boton.png using Guid(dfb204eef77432c40999d428c763fe24) Importer(815301076,1909f56bfc062723c751e8b465ee728b)  -> (artifact id: 'de0cf516bad1b2d5030f055f2a63b248') in 2.371508 seconds
  Import took 2.500511 seconds .

========================================================================
Received Import Request.
  Time since last request: 15.436398 seconds.
  path: Assets/img/boton.png
  artifactKey: Guid(dfb204eef77432c40999d428c763fe24) Importer(815301076,1909f56bfc062723c751e8b465ee728b)
Start importing Assets/img/boton.png using Guid(dfb204eef77432c40999d428c763fe24) Importer(815301076,1909f56bfc062723c751e8b465ee728b)  -> (artifact id: '56e48e1044e87f4185b233b4df64d10c') in 0.567877 seconds
  Import took 0.632976 seconds .

========================================================================
Received Import Request.
  Time since last request: 198.470134 seconds.
  path: Assets/Scenes/juego.unity
  artifactKey: Guid(5c8a6b9e453a0754da479b0edd4005bd) Importer(815301076,1909f56bfc062723c751e8b465ee728b)
Start importing Assets/Scenes/juego.unity using Guid(5c8a6b9e453a0754da479b0edd4005bd) Importer(815301076,1909f56bfc062723c751e8b465ee728b)  -> (artifact id: '01a64acbb6fe8efb0fe4c8260b4e96d0') in 0.035473 seconds
  Import took 0.111308 seconds .

========================================================================
Received Import Request.
  Time since last request: 4.442195 seconds.
  path: Assets/Scenes/SampleScene.unity
  artifactKey: Guid(9fc0d4010bbf28b4594072e72b8655ab) Importer(815301076,1909f56bfc062723c751e8b465ee728b)
Start importing Assets/Scenes/SampleScene.unity using Guid(9fc0d4010bbf28b4594072e72b8655ab) Importer(815301076,1909f56bfc062723c751e8b465ee728b)  -> (artifact id: '9a0c7bd3eade52b464e03a3fa19ccb01') in 0.033385 seconds
  Import took 0.095830 seconds .

========================================================================
Received Import Request.
  Time since last request: 9.580307 seconds.
  path: Assets/Scenes/menu.unity
  artifactKey: Guid(9fc0d4010bbf28b4594072e72b8655ab) Importer(815301076,1909f56bfc062723c751e8b465ee728b)
Start importing Assets/Scenes/menu.unity using Guid(9fc0d4010bbf28b4594072e72b8655ab) Importer(815301076,1909f56bfc062723c751e8b465ee728b)  -> (artifact id: 'f5a0179449bccebb60e8fddddb7fd437') in 0.014530 seconds
  Import took 0.021593 seconds .

