Using pre-set license
Built from '2020.3/release' branch; Version is '2020.3.1f1 (77a89f25062f) revision 7841951'; Using compiler version '192528614'; Build Type 'Release'
OS: 'Windows 10 Home Single Language; OS build 19045.2251; Version 2009; 64bit' Language: 'es' Physical Memory: 16191 MB
BatchMode: 1, IsHumanControllingUs: 0, StartBugReporterOnCrash: 0, Is64bit: 1, IsPro: 0

 COMMAND LINE ARGUMENTS:
D:\2020.3.1f1\Editor\Unity.exe
-adb2
-batchMode
-noUpm
-name
AssetImportWorker0
-projectPath
D:/juegoss/Diseno-de-juegos-IIi
-logFile
Logs/AssetImportWorker0.log
-srvPort
51706
Successfully changed project path to: D:/juegoss/Diseno-de-juegos-IIi
D:/juegoss/Diseno-de-juegos-IIi
Using Asset Import Pipeline V2.
Refreshing native plugins compatible for Editor in 98.19 ms, found 0 plugins.
Preloading 0 native plugins for Editor in 0.00 ms.
Initialize engine version: 2020.3.1f1 (77a89f25062f)
[Subsystems] Discovering subsystems at path D:/2020.3.1f1/Editor/Data/Resources/UnitySubsystems
[Subsystems] Discovering subsystems at path D:/juegoss/Diseno-de-juegos-IIi/Assets
GfxDevice: creating device client; threaded=0
Direct3D:
    Version:  Direct3D 11.0 [level 11.1]
    Renderer: NVIDIA GeForce RTX 2060 (ID=0x1f11)
    Vendor:   
    VRAM:     5980 MB
    Driver:   30.0.15.1278
Initialize mono
Mono path[0] = 'D:/2020.3.1f1/Editor/Data/Managed'
Mono path[1] = 'D:/2020.3.1f1/Editor/Data/MonoBleedingEdge/lib/mono/unityjit'
Mono config path = 'D:/2020.3.1f1/Editor/Data/MonoBleedingEdge/etc'
Using monoOptions --debugger-agent=transport=dt_socket,embedding=1,server=y,suspend=n,address=127.0.0.1:56824
Begin MonoManager ReloadAssembly
Registering precompiled unity dll's ...
Register platform support module: D:/2020.3.1f1/Editor/Data/PlaybackEngines/WebGLSupport/UnityEditor.WebGL.Extensions.dll
Register platform support module: D:/2020.3.1f1/Editor/Data/PlaybackEngines/MacStandaloneSupport/UnityEditor.OSXStandalone.Extensions.dll
Register platform support module: D:/2020.3.1f1/Editor/Data/PlaybackEngines/WindowsStandaloneSupport/UnityEditor.WindowsStandalone.Extensions.dll
Register platform support module: D:/2020.3.1f1/Editor/Data/PlaybackEngines/LinuxStandaloneSupport/UnityEditor.LinuxStandalone.Extensions.dll
Register platform support module: D:/2020.3.1f1/Editor/Data/PlaybackEngines/LuminSupport/UnityEditor.Lumin.Extensions.dll
Registered in 0.007649 seconds.
Native extension for Lumin target not found
Native extension for LinuxStandalone target not found
Native extension for WindowsStandalone target not found
Native extension for OSXStandalone target not found
Native extension for WebGL target not found
Refreshing native plugins compatible for Editor in 73.75 ms, found 0 plugins.
Preloading 0 native plugins for Editor in 0.00 ms.
Invoked RoslynAnalysisRunner static constructor.
RoslynAnalysisRunner will not be running.
RoslynAnalysisRunner has terminated.
Mono: successfully reloaded assembly
- Completed reload, in  5.824 seconds
Platform modules already initialized, skipping
Registering precompiled user dll's ...
Registered in 0.001730 seconds.
Begin MonoManager ReloadAssembly
Native extension for Lumin target not found
Native extension for LinuxStandalone target not found
Native extension for WindowsStandalone target not found
Native extension for OSXStandalone target not found
Native extension for WebGL target not found
Refreshing native plugins compatible for Editor in 0.48 ms, found 0 plugins.
Preloading 0 native plugins for Editor in 0.00 ms.
Invoked RoslynAnalysisRunner static constructor.
RoslynAnalysisRunner will not be running.
RoslynAnalysisRunner has terminated.
Mono: successfully reloaded assembly
- Completed reload, in  2.612 seconds
Platform modules already initialized, skipping
========================================================================
Worker process is ready to serve import requests
Launched and connected shader compiler UnityShaderCompiler.exe after 0.10 seconds
Refreshing native plugins compatible for Editor in 0.69 ms, found 0 plugins.
Preloading 0 native plugins for Editor in 0.00 ms.
Unloading 1116 Unused Serialized files (Serialized files now loaded: 0)
System memory in use before: 57.0 MB.
System memory in use after: 57.0 MB.

Unloading 10 unused Assets to reduce memory usage. Loaded Objects now: 1558.
Total: 4.399400 ms (FindLiveObjects: 0.283600 ms CreateObjectMapping: 0.067900 ms MarkObjects: 3.830300 ms  DeleteObjects: 0.214600 ms)

========================================================================
Received Import Request.
  path: Assets/Scenes/menu.unity
  artifactKey: Guid(9fc0d4010bbf28b4594072e72b8655ab) Importer(815301076,1909f56bfc062723c751e8b465ee728b)
Start importing Assets/Scenes/menu.unity using Guid(9fc0d4010bbf28b4594072e72b8655ab) Importer(815301076,1909f56bfc062723c751e8b465ee728b)  -> (artifact id: '00d2f086780a0f488181fdcf96f70fbe') in 0.128734 seconds
  Import took 0.152135 seconds .

========================================================================
Received Import Request.
  Time since last request: 2148.309888 seconds.
  path: Assets/Prefabs/HelixPartPrefab.prefab
  artifactKey: Guid(c4c5635a125e6b949b42a0608ad53bc3) Importer(815301076,1909f56bfc062723c751e8b465ee728b)
Start importing Assets/Prefabs/HelixPartPrefab.prefab using Guid(c4c5635a125e6b949b42a0608ad53bc3) Importer(815301076,1909f56bfc062723c751e8b465ee728b)  -> (artifact id: '15fc8bb51436b7d8c30a6b1b7f2521a3') in 0.600496 seconds
  Import took 0.668874 seconds .

========================================================================
Received Import Request.
  Time since last request: 798.161043 seconds.
  path: Assets/Models/HelixPart.FBX
  artifactKey: Guid(18660545c7d842e4c819707d9098ecef) Importer(815301076,1909f56bfc062723c751e8b465ee728b)
Start importing Assets/Models/HelixPart.FBX using Guid(18660545c7d842e4c819707d9098ecef) Importer(815301076,1909f56bfc062723c751e8b465ee728b)  -> (artifact id: '2438bfe4d8a6707bc71d65898c4d864d') in 0.658128 seconds
  Import took 0.694318 seconds .

========================================================================
Received Import Request.
  Time since last request: 0.123255 seconds.
  path: Assets/Materials/HelixPart.mat
  artifactKey: Guid(47db23e0681c41541857dbfe1da62df6) Importer(815301076,1909f56bfc062723c751e8b465ee728b)
Start importing Assets/Materials/HelixPart.mat using Guid(47db23e0681c41541857dbfe1da62df6) Importer(815301076,1909f56bfc062723c751e8b465ee728b)  -> (artifact id: '9ebcea4285da9adf083ceebff14a58fc') in 0.101465 seconds
  Import took 0.129257 seconds .

========================================================================
Received Import Request.
  Time since last request: 0.708950 seconds.
  path: Assets/Materials
  artifactKey: Guid(fe12105c2d5b67541829462d3018269b) Importer(815301076,1909f56bfc062723c751e8b465ee728b)
Start importing Assets/Materials using Guid(fe12105c2d5b67541829462d3018269b) Importer(815301076,1909f56bfc062723c751e8b465ee728b)  -> (artifact id: 'a36f7005dedaf5a369db38b307090894') in 0.012224 seconds
  Import took 0.018679 seconds .

========================================================================
Received Import Request.
  Time since last request: 8.685363 seconds.
  path: Assets/Materials/bola.mat
  artifactKey: Guid(62e72d8b8458f2b4daf0a8e6dbf90784) Importer(815301076,1909f56bfc062723c751e8b465ee728b)
Start importing Assets/Materials/bola.mat using Guid(62e72d8b8458f2b4daf0a8e6dbf90784) Importer(815301076,1909f56bfc062723c751e8b465ee728b)  -> (artifact id: '6dbdca13efcf140379bd2295fd707984') in 0.038109 seconds
  Import took 0.047577 seconds .

========================================================================
Received Import Request.
  Time since last request: 80.876585 seconds.
  path: Assets/Prefabs/cilindroTop.prefab
  artifactKey: Guid(64d1cd410931e774da424799949fe38c) Importer(815301076,1909f56bfc062723c751e8b465ee728b)
Start importing Assets/Prefabs/cilindroTop.prefab using Guid(64d1cd410931e774da424799949fe38c) Importer(815301076,1909f56bfc062723c751e8b465ee728b)  -> (artifact id: '6957cc5f14f8b79013f80cfffaf1de62') in 0.035430 seconds
  Import took 0.041255 seconds .

========================================================================
Received Import Request.
  Time since last request: 0.007663 seconds.
  path: Assets/Prefabs/cilindroTop.prefab
  artifactKey: Guid(64d1cd410931e774da424799949fe38c) Importer(815301076,1909f56bfc062723c751e8b465ee728b)
Start importing Assets/Prefabs/cilindroTop.prefab using Guid(64d1cd410931e774da424799949fe38c) Importer(815301076,1909f56bfc062723c751e8b465ee728b)  -> (artifact id: '6957cc5f14f8b79013f80cfffaf1de62') in 0.030647 seconds
  Import took 0.058551 seconds .

========================================================================
Received Import Request.
  Time since last request: 53.549934 seconds.
  path: Assets/Prefabs/cilindroLevel.prefab
  artifactKey: Guid(64d1cd410931e774da424799949fe38c) Importer(815301076,1909f56bfc062723c751e8b465ee728b)
Start importing Assets/Prefabs/cilindroLevel.prefab using Guid(64d1cd410931e774da424799949fe38c) Importer(815301076,1909f56bfc062723c751e8b465ee728b)  -> (artifact id: '7ccd9009cde1ba9d0973fc6be9afea83') in 0.112570 seconds
  Import took 0.131854 seconds .

========================================================================
Received Import Request.
  Time since last request: 324.919745 seconds.
  path: Assets/scripts
  artifactKey: Guid(3ba625595fa7147448a99513e70232c4) Importer(815301076,1909f56bfc062723c751e8b465ee728b)
Start importing Assets/scripts using Guid(3ba625595fa7147448a99513e70232c4) Importer(815301076,1909f56bfc062723c751e8b465ee728b)  -> (artifact id: '24a1b91076e51a41ac01a5516cc8861c') in 0.024569 seconds
  Import took 0.030385 seconds .

========================================================================
Received Import Request.
  Time since last request: 0.001095 seconds.
  path: Assets/scripts
  artifactKey: Guid(3ba625595fa7147448a99513e70232c4) Importer(815301076,1909f56bfc062723c751e8b465ee728b)
Start importing Assets/scripts using Guid(3ba625595fa7147448a99513e70232c4) Importer(815301076,1909f56bfc062723c751e8b465ee728b)  -> (artifact id: '24a1b91076e51a41ac01a5516cc8861c') in 0.008637 seconds
  Import took 0.013325 seconds .

========================================================================
Received Import Request.
  Time since last request: 13.174731 seconds.
  path: Assets/scripts/bolaControl.cs
  artifactKey: Guid(8e329d2e1c3b3f34cab141f6199e1d26) Importer(815301076,1909f56bfc062723c751e8b465ee728b)
Start importing Assets/scripts/bolaControl.cs using Guid(8e329d2e1c3b3f34cab141f6199e1d26) Importer(815301076,1909f56bfc062723c751e8b465ee728b)  -> (artifact id: '36daf1b924b57fc71424154294a91b3e') in 0.196832 seconds
  Import took 0.253908 seconds .

========================================================================
Received Prepare
Registering precompiled user dll's ...
Registered in 0.002688 seconds.
Begin MonoManager ReloadAssembly
Native extension for Lumin target not found
Native extension for LinuxStandalone target not found
Native extension for WindowsStandalone target not found
Native extension for OSXStandalone target not found
Native extension for WebGL target not found
Refreshing native plugins compatible for Editor in 0.52 ms, found 0 plugins.
Preloading 0 native plugins for Editor in 0.00 ms.
Invoked RoslynAnalysisRunner static constructor.
RoslynAnalysisRunner will not be running.
RoslynAnalysisRunner has terminated.
Mono: successfully reloaded assembly
- Completed reload, in  2.806 seconds
Platform modules already initialized, skipping
Switching build target platform(5) subTarget(0) extendedPlatform(0) -> platform(13) subTarget(537395200) extendedPlatform(0)
Refreshing native plugins compatible for Editor in 0.55 ms, found 0 plugins.
Preloading 0 native plugins for Editor in 0.00 ms.
Unloading 1115 Unused Serialized files (Serialized files now loaded: 0)
System memory in use before: 60.5 MB.
System memory in use after: 60.6 MB.

Unloading 5 unused Assets to reduce memory usage. Loaded Objects now: 1605.
Total: 5.957800 ms (FindLiveObjects: 0.299800 ms CreateObjectMapping: 0.068900 ms MarkObjects: 5.466300 ms  DeleteObjects: 0.119800 ms)

AssetImportParameters requested are different than current active one (requested -> active):
  custom:graphics/normal-map-encoding: 01000000000000000000000000000000 -> 02000000000000000000000000000000
========================================================================
Received Prepare
Registering precompiled user dll's ...
Registered in 0.002643 seconds.
Begin MonoManager ReloadAssembly
Native extension for Lumin target not found
Native extension for LinuxStandalone target not found
Native extension for WindowsStandalone target not found
Native extension for OSXStandalone target not found
Native extension for WebGL target not found
Refreshing native plugins compatible for Editor in 0.48 ms, found 0 plugins.
Preloading 0 native plugins for Editor in 0.00 ms.
Invoked RoslynAnalysisRunner static constructor.
RoslynAnalysisRunner will not be running.
RoslynAnalysisRunner has terminated.
Mono: successfully reloaded assembly
- Completed reload, in  2.470 seconds
Platform modules already initialized, skipping
Switching build target platform(5) subTarget(0) extendedPlatform(0) -> platform(13) subTarget(537395200) extendedPlatform(0)
Refreshing native plugins compatible for Editor in 0.52 ms, found 0 plugins.
Preloading 0 native plugins for Editor in 0.00 ms.
Unloading 1115 Unused Serialized files (Serialized files now loaded: 0)
System memory in use before: 60.5 MB.
System memory in use after: 60.6 MB.

Unloading 5 unused Assets to reduce memory usage. Loaded Objects now: 1608.
Total: 5.253500 ms (FindLiveObjects: 0.453400 ms CreateObjectMapping: 0.241700 ms MarkObjects: 4.393300 ms  DeleteObjects: 0.160500 ms)

AssetImportParameters requested are different than current active one (requested -> active):
  custom:graphics/normal-map-encoding: 01000000000000000000000000000000 -> 02000000000000000000000000000000
========================================================================
Received Import Request.
  Time since last request: 224.968452 seconds.
  path: Assets/scripts/bolaControl.cs
  artifactKey: Guid(8e329d2e1c3b3f34cab141f6199e1d26) Importer(815301076,1909f56bfc062723c751e8b465ee728b)
Start importing Assets/scripts/bolaControl.cs using Guid(8e329d2e1c3b3f34cab141f6199e1d26) Importer(815301076,1909f56bfc062723c751e8b465ee728b)  -> (artifact id: '2c9f8d423b8beda8d18c84c442401408') in 0.019126 seconds
  Import took 0.025382 seconds .

========================================================================
Received Prepare
Registering precompiled user dll's ...
Registered in 0.002099 seconds.
Begin MonoManager ReloadAssembly
Native extension for Lumin target not found
Native extension for LinuxStandalone target not found
Native extension for WindowsStandalone target not found
Native extension for OSXStandalone target not found
Native extension for WebGL target not found
Refreshing native plugins compatible for Editor in 0.50 ms, found 0 plugins.
Preloading 0 native plugins for Editor in 0.00 ms.
Invoked RoslynAnalysisRunner static constructor.
RoslynAnalysisRunner will not be running.
RoslynAnalysisRunner has terminated.
Mono: successfully reloaded assembly
- Completed reload, in  2.448 seconds
Platform modules already initialized, skipping
Switching build target platform(5) subTarget(0) extendedPlatform(0) -> platform(13) subTarget(537395200) extendedPlatform(0)
Refreshing native plugins compatible for Editor in 0.47 ms, found 0 plugins.
Preloading 0 native plugins for Editor in 0.00 ms.
Unloading 1115 Unused Serialized files (Serialized files now loaded: 0)
System memory in use before: 60.5 MB.
System memory in use after: 60.6 MB.

Unloading 5 unused Assets to reduce memory usage. Loaded Objects now: 1611.
Total: 7.628400 ms (FindLiveObjects: 0.699000 ms CreateObjectMapping: 0.229200 ms MarkObjects: 6.541300 ms  DeleteObjects: 0.154700 ms)

AssetImportParameters requested are different than current active one (requested -> active):
  custom:graphics/normal-map-encoding: 01000000000000000000000000000000 -> 02000000000000000000000000000000
========================================================================
Received Import Request.
  Time since last request: 170373.011542 seconds.
  path: Assets/Prefabs/HelixPartPrefab.prefab
  artifactKey: Guid(c4c5635a125e6b949b42a0608ad53bc3) Importer(815301076,1909f56bfc062723c751e8b465ee728b)
Start importing Assets/Prefabs/HelixPartPrefab.prefab using Guid(c4c5635a125e6b949b42a0608ad53bc3) Importer(815301076,1909f56bfc062723c751e8b465ee728b)  -> (artifact id: 'e4f27649fdc0e7a53b884512ad24ae00') in 2.436627 seconds
  Import took 2.660665 seconds .

========================================================================
Received Import Request.
  Time since last request: 0.000719 seconds.
  path: Assets/Prefabs/cilindroLevel.prefab
  artifactKey: Guid(64d1cd410931e774da424799949fe38c) Importer(815301076,1909f56bfc062723c751e8b465ee728b)
Start importing Assets/Prefabs/cilindroLevel.prefab using Guid(64d1cd410931e774da424799949fe38c) Importer(815301076,1909f56bfc062723c751e8b465ee728b)  -> (artifact id: '379c2071a0fe5e7717d9ea332f2a272d') in 0.042637 seconds
  Import took 0.049743 seconds .

========================================================================
Received Import Request.
  Time since last request: 839.868589 seconds.
  path: Assets/scripts/bolaControl.cs
  artifactKey: Guid(8e329d2e1c3b3f34cab141f6199e1d26) Importer(815301076,1909f56bfc062723c751e8b465ee728b)
Start importing Assets/scripts/bolaControl.cs using Guid(8e329d2e1c3b3f34cab141f6199e1d26) Importer(815301076,1909f56bfc062723c751e8b465ee728b)  -> (artifact id: '29b5a9d4ffe06a4817120ee1bc5297b5') in 0.033293 seconds
  Import took 0.077437 seconds .

========================================================================
Received Import Request.
  Time since last request: 395.149899 seconds.
  path: Assets/scripts/bolaControl.cs
  artifactKey: Guid(8e329d2e1c3b3f34cab141f6199e1d26) Importer(815301076,1909f56bfc062723c751e8b465ee728b)
Start importing Assets/scripts/bolaControl.cs using Guid(8e329d2e1c3b3f34cab141f6199e1d26) Importer(815301076,1909f56bfc062723c751e8b465ee728b)  -> (artifact id: '26094a0dbf1bb03825a208615ce4229f') in 0.050677 seconds
  Import took 0.060075 seconds .

========================================================================
Received Import Request.
  Time since last request: 3030.656660 seconds.
  path: Assets/Materials/bola.mat
  artifactKey: Guid(62e72d8b8458f2b4daf0a8e6dbf90784) Importer(815301076,1909f56bfc062723c751e8b465ee728b)
Start importing Assets/Materials/bola.mat using Guid(62e72d8b8458f2b4daf0a8e6dbf90784) Importer(815301076,1909f56bfc062723c751e8b465ee728b)  -> (artifact id: '15c81e062a0bb0c5bb7ae3fb33eee0f7') in 0.358899 seconds
  Import took 0.365446 seconds .

========================================================================
Received Import Request.
  Time since last request: 14.920951 seconds.
  path: Packages/com.unity.ext.nunit/package.json
  artifactKey: Guid(8143d3a8390f2c64685e3bc272bd9e90) Importer(815301076,1909f56bfc062723c751e8b465ee728b)
Start importing Packages/com.unity.ext.nunit/package.json using Guid(8143d3a8390f2c64685e3bc272bd9e90) Importer(815301076,1909f56bfc062723c751e8b465ee728b)  -> (artifact id: 'a515a5f6954512393903c606c76dbd1f') in 0.157543 seconds
  Import took 0.175689 seconds .

========================================================================
Received Prepare
Registering precompiled user dll's ...
Registered in 0.002408 seconds.
Begin MonoManager ReloadAssembly
Native extension for Lumin target not found
Native extension for LinuxStandalone target not found
Native extension for WindowsStandalone target not found
Native extension for OSXStandalone target not found
Native extension for WebGL target not found
Refreshing native plugins compatible for Editor in 0.75 ms, found 0 plugins.
Preloading 0 native plugins for Editor in 0.00 ms.
Invoked RoslynAnalysisRunner static constructor.
RoslynAnalysisRunner will not be running.
RoslynAnalysisRunner has terminated.
Mono: successfully reloaded assembly
- Completed reload, in  3.716 seconds
Platform modules already initialized, skipping
Switching build target platform(5) subTarget(0) extendedPlatform(0) -> platform(13) subTarget(537395200) extendedPlatform(0)
Refreshing native plugins compatible for Editor in 0.62 ms, found 0 plugins.
Preloading 0 native plugins for Editor in 0.00 ms.
Unloading 1115 Unused Serialized files (Serialized files now loaded: 0)
System memory in use before: 60.6 MB.
System memory in use after: 60.7 MB.

Unloading 5 unused Assets to reduce memory usage. Loaded Objects now: 1615.
Total: 164.214500 ms (FindLiveObjects: 6.433600 ms CreateObjectMapping: 0.270500 ms MarkObjects: 156.675600 ms  DeleteObjects: 0.827800 ms)

AssetImportParameters requested are different than current active one (requested -> active):
  custom:graphics/normal-map-encoding: 01000000000000000000000000000000 -> 02000000000000000000000000000000
========================================================================
Received Prepare
Registering precompiled user dll's ...
Registered in 0.001804 seconds.
Begin MonoManager ReloadAssembly
Native extension for Lumin target not found
Native extension for LinuxStandalone target not found
Native extension for WindowsStandalone target not found
Native extension for OSXStandalone target not found
Native extension for WebGL target not found
Refreshing native plugins compatible for Editor in 0.46 ms, found 0 plugins.
Preloading 0 native plugins for Editor in 0.00 ms.
Invoked RoslynAnalysisRunner static constructor.
RoslynAnalysisRunner will not be running.
RoslynAnalysisRunner has terminated.
Mono: successfully reloaded assembly
- Completed reload, in  2.572 seconds
Platform modules already initialized, skipping
Switching build target platform(5) subTarget(0) extendedPlatform(0) -> platform(13) subTarget(537395200) extendedPlatform(0)
Refreshing native plugins compatible for Editor in 0.49 ms, found 0 plugins.
Preloading 0 native plugins for Editor in 0.00 ms.
Unloading 1115 Unused Serialized files (Serialized files now loaded: 0)
System memory in use before: 60.6 MB.
System memory in use after: 60.7 MB.

Unloading 5 unused Assets to reduce memory usage. Loaded Objects now: 1618.
Total: 4.285000 ms (FindLiveObjects: 0.431500 ms CreateObjectMapping: 0.083900 ms MarkObjects: 3.648800 ms  DeleteObjects: 0.118300 ms)

AssetImportParameters requested are different than current active one (requested -> active):
  custom:graphics/normal-map-encoding: 01000000000000000000000000000000 -> 02000000000000000000000000000000
========================================================================
Received Import Request.
  Time since last request: 511547.475777 seconds.
  path: Assets/scripts/CamControl.cs
  artifactKey: Guid(12fd5ade650183c47ad1402b25d52365) Importer(815301076,1909f56bfc062723c751e8b465ee728b)
Start importing Assets/scripts/CamControl.cs using Guid(12fd5ade650183c47ad1402b25d52365) Importer(815301076,1909f56bfc062723c751e8b465ee728b)  -> (artifact id: '50e9182ab70669c994017803555cff56') in 0.399276 seconds
  Import took 0.408321 seconds .

========================================================================
Received Prepare
Registering precompiled user dll's ...
Registered in 0.001814 seconds.
Begin MonoManager ReloadAssembly
Native extension for Lumin target not found
Native extension for LinuxStandalone target not found
Native extension for WindowsStandalone target not found
Native extension for OSXStandalone target not found
Native extension for WebGL target not found
Refreshing native plugins compatible for Editor in 0.46 ms, found 0 plugins.
Preloading 0 native plugins for Editor in 0.00 ms.
Invoked RoslynAnalysisRunner static constructor.
RoslynAnalysisRunner will not be running.
RoslynAnalysisRunner has terminated.
Mono: successfully reloaded assembly
- Completed reload, in  2.541 seconds
Platform modules already initialized, skipping
Switching build target platform(5) subTarget(0) extendedPlatform(0) -> platform(13) subTarget(537395200) extendedPlatform(0)
Refreshing native plugins compatible for Editor in 0.51 ms, found 0 plugins.
Preloading 0 native plugins for Editor in 0.00 ms.
Unloading 1116 Unused Serialized files (Serialized files now loaded: 0)
System memory in use before: 60.6 MB.
System memory in use after: 60.7 MB.

Unloading 5 unused Assets to reduce memory usage. Loaded Objects now: 1622.
Total: 10.944000 ms (FindLiveObjects: 0.647200 ms CreateObjectMapping: 0.156600 ms MarkObjects: 10.011800 ms  DeleteObjects: 0.124400 ms)

AssetImportParameters requested are different than current active one (requested -> active):
  custom:graphics/normal-map-encoding: 01000000000000000000000000000000 -> 02000000000000000000000000000000
========================================================================
Received Import Request.
  Time since last request: 768.281666 seconds.
  path: Assets/scripts/CamControl.cs
  artifactKey: Guid(12fd5ade650183c47ad1402b25d52365) Importer(815301076,1909f56bfc062723c751e8b465ee728b)
Start importing Assets/scripts/CamControl.cs using Guid(12fd5ade650183c47ad1402b25d52365) Importer(815301076,1909f56bfc062723c751e8b465ee728b)  -> (artifact id: 'c8be81f0345fe088f815f025b77612de') in 0.031892 seconds
  Import took 0.042668 seconds .

========================================================================
Received Import Request.
  Time since last request: 0.100305 seconds.
  path: Assets/scripts/CamControl.cs
  artifactKey: Guid(12fd5ade650183c47ad1402b25d52365) Importer(815301076,1909f56bfc062723c751e8b465ee728b)
Start importing Assets/scripts/CamControl.cs using Guid(12fd5ade650183c47ad1402b25d52365) Importer(815301076,1909f56bfc062723c751e8b465ee728b)  -> (artifact id: 'c8be81f0345fe088f815f025b77612de') in 0.034797 seconds
  Import took 0.078431 seconds .

